<?xml version="1.0" encoding="UTF-8"?>
<coverage generated="1503034697658" clover="3.2.0">
  <project timestamp="1503034697658" name="All files">
    <metrics statements="13" coveredstatements="9" conditionals="0" coveredconditionals="0" methods="8" coveredmethods="4" elements="21" coveredelements="13" complexity="0" loc="13" ncloc="13" packages="1" files="1" classes="1">
      <file name="app.js" path="/Users/plinioprado/Desktop/iservmobi/dev/red/adp-vmachine/lib/app.js">
        <metrics statements="13" coveredstatements="9" conditionals="0" coveredconditionals="0" methods="8" coveredmethods="4"/>
        <line num="2" count="1" type="stmt"/>
        <line num="5" count="1" type="stmt"/>
        <line num="9" count="1" type="stmt"/>
        <line num="13" count="1" type="stmt"/>
        <line num="17" count="0" type="stmt"/>
        <line num="21" count="0" type="stmt"/>
        <line num="25" count="0" type="stmt"/>
        <line num="29" count="0" type="stmt"/>
        <line num="33" count="2" type="stmt"/>
        <line num="34" count="2" type="stmt"/>
        <line num="35" count="2" type="stmt"/>
        <line num="36" count="2" type="stmt"/>
        <line num="49" count="1" type="stmt"/>
      </file>
    </metrics>
  </project>
</coverage>
