<?xml version="1.0" encoding="UTF-8"?>
<coverage generated="1503029814562" clover="3.2.0">
  <project timestamp="1503029814562" name="All files">
    <metrics statements="11" coveredstatements="6" conditionals="0" coveredconditionals="0" methods="7" coveredmethods="2" elements="18" coveredelements="8" complexity="0" loc="11" ncloc="11" packages="1" files="1" classes="1">
      <file name="app.js" path="/Users/plinioprado/Desktop/iservmobi/dev/red/adp-vmachine/lib/app.js">
        <metrics statements="11" coveredstatements="6" conditionals="0" coveredconditionals="0" methods="7" coveredmethods="2"/>
        <line num="2" count="1" type="stmt"/>
        <line num="5" count="1" type="stmt"/>
        <line num="6" count="1" type="stmt"/>
        <line num="7" count="1" type="stmt"/>
        <line num="19" count="1" type="stmt"/>
        <line num="23" count="0" type="stmt"/>
        <line num="27" count="0" type="stmt"/>
        <line num="31" count="0" type="stmt"/>
        <line num="35" count="0" type="stmt"/>
        <line num="39" count="0" type="stmt"/>
        <line num="44" count="1" type="stmt"/>
      </file>
    </metrics>
  </project>
</coverage>
