TN:
SF:/Users/plinioprado/Desktop/iservmobi/dev/red/adp-vmachine/lib/app.js
FN:4,(anonymous_0)
FN:8,(anonymous_1)
FN:12,(anonymous_2)
FN:16,(anonymous_3)
FN:20,(anonymous_4)
FN:24,(anonymous_5)
FN:28,(anonymous_6)
FN:32,(anonymous_7)
FNF:8
FNH:4
FNDA:1,(anonymous_0)
FNDA:1,(anonymous_1)
FNDA:1,(anonymous_2)
FNDA:0,(anonymous_3)
FNDA:0,(anonymous_4)
FNDA:0,(anonymous_5)
FNDA:0,(anonymous_6)
FNDA:2,(anonymous_7)
DA:2,1
DA:5,1
DA:9,1
DA:13,1
DA:17,0
DA:21,0
DA:25,0
DA:29,0
DA:33,2
DA:34,2
DA:35,2
DA:36,2
DA:49,1
LF:13
LH:9
BRF:0
BRH:0
end_of_record
